# JRE version: Java(TM) SE Runtime Environment (8.0_311-b11) (build 1.8.0_311-b11)
# Java VM: Java HotSpot(TM) 64-Bit Server VM (25.311-b11 mixed mode windows-amd64 compressed oops)
Heap:
 PSYoungGen      total 188416K, used 71893K [0x000000076b780000, 0x0000000778380000, 0x00000007c0000000)
  eden space 177664K, 34% used [0x000000076b780000,0x000000076f339518,0x0000000776500000)
  from space 10752K, 99% used [0x0000000776e80000,0x00000007778fbf70,0x0000000777900000)
  to   space 10752K, 0% used [0x0000000777900000,0x0000000777900000,0x0000000778380000)
 ParOldGen       total 204800K, used 73445K [0x00000006c2600000, 0x00000006cee00000, 0x000000076b780000)
  object space 204800K, 35% used [0x00000006c2600000,0x00000006c6db9480,0x00000006cee00000)
 Metaspace       used 57735K, capacity 58849K, committed 59136K, reserved 1101824K
  class space    used 7129K, capacity 7400K, committed 7424K, reserved 1048576K
GC Heap History (10 events):
Event: 1.017 GC heap before
{Heap before GC invocations=3 (full 1):
 PSYoungGen      total 140800K, used 9820K [0x000000076b780000, 0x0000000774b80000, 0x00000007c0000000)
  eden space 130048K, 0% used [0x000000076b780000,0x000000076b780000,0x0000000773680000)
  from space 10752K, 91% used [0x0000000774100000,0x0000000774a972b0,0x0000000774b80000)
  to   space 10752K, 0% used [0x0000000773680000,0x0000000773680000,0x0000000774100000)
 ParOldGen       total 173568K, used 4646K [0x00000006c2600000, 0x00000006ccf80000, 0x000000076b780000)
  object space 173568K, 2% used [0x00000006c2600000,0x00000006c2a89be8,0x00000006ccf80000)
 Metaspace       used 20810K, capacity 21162K, committed 21296K, reserved 1069056K
  class space    used 2508K, capacity 2625K, committed 2688K, reserved 1048576K
Event: 1.041 GC heap after
Heap after GC invocations=3 (full 1):
 PSYoungGen      total 140800K, used 0K [0x000000076b780000, 0x0000000774b80000, 0x00000007c0000000)
  eden space 130048K, 0% used [0x000000076b780000,0x000000076b780000,0x0000000773680000)
  from space 10752K, 0% used [0x0000000774100000,0x0000000774100000,0x0000000774b80000)
  to   space 10752K, 0% used [0x0000000773680000,0x0000000773680000,0x0000000774100000)
 ParOldGen       total 115200K, used 9441K [0x00000006c2600000, 0x00000006c9680000, 0x000000076b780000)
  object space 115200K, 8% used [0x00000006c2600000,0x00000006c2f38598,0x00000006c9680000)
 Metaspace       used 20810K, capacity 21162K, committed 21296K, reserved 1069056K
  class space    used 2508K, capacity 2625K, committed 2688K, reserved 1048576K
}
Event: 1.990 GC heap before
{Heap before GC invocations=4 (full 1):
 PSYoungGen      total 140800K, used 100205K [0x000000076b780000, 0x0000000774b80000, 0x00000007c0000000)
  eden space 130048K, 77% used [0x000000076b780000,0x000000077195b630,0x0000000773680000)
  from space 10752K, 0% used [0x0000000774100000,0x0000000774100000,0x0000000774b80000)
  to   space 10752K, 0% used [0x0000000773680000,0x0000000773680000,0x0000000774100000)
 ParOldGen       total 115200K, used 9441K [0x00000006c2600000, 0x00000006c9680000, 0x000000076b780000)
  object space 115200K, 8% used [0x00000006c2600000,0x00000006c2f38598,0x00000006c9680000)
 Metaspace       used 34803K, capacity 35323K, committed 35496K, reserved 1081344K
  class space    used 4459K, capacity 4608K, committed 4608K, reserved 1048576K
Event: 2.003 GC heap after
Heap after GC invocations=4 (full 1):
 PSYoungGen      total 140800K, used 10750K [0x000000076b780000, 0x0000000778380000, 0x00000007c0000000)
  eden space 130048K, 0% used [0x000000076b780000,0x000000076b780000,0x0000000773680000)
  from space 10752K, 99% used [0x0000000773680000,0x00000007740ff870,0x0000000774100000)
  to   space 10752K, 0% used [0x0000000777900000,0x0000000777900000,0x0000000778380000)
 ParOldGen       total 115200K, used 22407K [0x00000006c2600000, 0x00000006c9680000, 0x000000076b780000)
  object space 115200K, 19% used [0x00000006c2600000,0x00000006c3be1ed8,0x00000006c9680000)
 Metaspace       used 34803K, capacity 35323K, committed 35496K, reserved 1081344K
  class space    used 4459K, capacity 4608K, committed 4608K, reserved 1048576K
}
Event: 2.003 GC heap before
{Heap before GC invocations=5 (full 2):
 PSYoungGen      total 140800K, used 10750K [0x000000076b780000, 0x0000000778380000, 0x00000007c0000000)
  eden space 130048K, 0% used [0x000000076b780000,0x000000076b780000,0x0000000773680000)
  from space 10752K, 99% used [0x0000000773680000,0x00000007740ff870,0x0000000774100000)
  to   space 10752K, 0% used [0x0000000777900000,0x0000000777900000,0x0000000778380000)
 ParOldGen       total 115200K, used 22407K [0x00000006c2600000, 0x00000006c9680000, 0x000000076b780000)
  object space 115200K, 19% used [0x00000006c2600000,0x00000006c3be1ed8,0x00000006c9680000)
 Metaspace       used 34803K, capacity 35323K, committed 35496K, reserved 1081344K
  class space    used 4459K, capacity 4608K, committed 4608K, reserved 1048576K
Event: 2.035 GC heap after
Heap after GC invocations=5 (full 2):
 PSYoungGen      total 140800K, used 0K [0x000000076b780000, 0x0000000778380000, 0x00000007c0000000)
  eden space 130048K, 0% used [0x000000076b780000,0x000000076b780000,0x0000000773680000)
  from space 10752K, 0% used [0x0000000773680000,0x0000000773680000,0x0000000774100000)
  to   space 10752K, 0% used [0x0000000777900000,0x0000000777900000,0x0000000778380000)
 ParOldGen       total 204800K, used 28740K [0x00000006c2600000, 0x00000006cee00000, 0x000000076b780000)
  object space 204800K, 14% used [0x00000006c2600000,0x00000006c42112a8,0x00000006cee00000)
 Metaspace       used 34803K, capacity 35323K, committed 35496K, reserved 1081344K
  class space    used 4459K, capacity 4608K, committed 4608K, reserved 1048576K
}
Event: 3.413 GC heap before
{Heap before GC invocations=6 (full 2):
 PSYoungGen      total 140800K, used 130048K [0x000000076b780000, 0x0000000778380000, 0x00000007c0000000)
  eden space 130048K, 100% used [0x000000076b780000,0x0000000773680000,0x0000000773680000)
  from space 10752K, 0% used [0x0000000773680000,0x0000000773680000,0x0000000774100000)
  to   space 10752K, 0% used [0x0000000777900000,0x0000000777900000,0x0000000778380000)
 ParOldGen       total 204800K, used 28740K [0x00000006c2600000, 0x00000006cee00000, 0x000000076b780000)
  object space 204800K, 14% used [0x00000006c2600000,0x00000006c42112a8,0x00000006cee00000)
 Metaspace       used 43891K, capacity 44551K, committed 44800K, reserved 1089536K
  class space    used 5351K, capacity 5519K, committed 5632K, reserved 1048576K
Event: 3.428 GC heap after
Heap after GC invocations=6 (full 2):
 PSYoungGen      total 188416K, used 10722K [0x000000076b780000, 0x0000000778380000, 0x00000007c0000000)
  eden space 177664K, 0% used [0x000000076b780000,0x000000076b780000,0x0000000776500000)
  from space 10752K, 99% used [0x0000000777900000,0x0000000778378a18,0x0000000778380000)
  to   space 10752K, 0% used [0x0000000776e80000,0x0000000776e80000,0x0000000777900000)
 ParOldGen       total 204800K, used 43928K [0x00000006c2600000, 0x00000006cee00000, 0x000000076b780000)
  object space 204800K, 21% used [0x00000006c2600000,0x00000006c50e61f8,0x00000006cee00000)
 Metaspace       used 43891K, capacity 44551K, committed 44800K, reserved 1089536K
  class space    used 5351K, capacity 5519K, committed 5632K, reserved 1048576K
}
Event: 6.303 GC heap before
{Heap before GC invocations=7 (full 2):
 PSYoungGen      total 188416K, used 188386K [0x000000076b780000, 0x0000000778380000, 0x00000007c0000000)
  eden space 177664K, 100% used [0x000000076b780000,0x0000000776500000,0x0000000776500000)
  from space 10752K, 99% used [0x0000000777900000,0x0000000778378a18,0x0000000778380000)
  to   space 10752K, 0% used [0x0000000776e80000,0x0000000776e80000,0x0000000777900000)
 ParOldGen       total 204800K, used 43928K [0x00000006c2600000, 0x00000006cee00000, 0x000000076b780000)
  object space 204800K, 21% used [0x00000006c2600000,0x00000006c50e61f8,0x00000006cee00000)
 Metaspace       used 56781K, capacity 57889K, committed 58112K, reserved 1099776K
  class space    used 7101K, capacity 7392K, committed 7424K, reserved 1048576K
Event: 6.334 GC heap after
Heap after GC invocations=7 (full 2):
 PSYoungGen      total 188416K, used 10735K [0x000000076b780000, 0x0000000778380000, 0x00000007c0000000)
  eden space 177664K, 0% used [0x000000076b780000,0x000000076b780000,0x0000000776500000)
  from space 10752K, 99% used [0x0000000776e80000,0x00000007778fbf70,0x0000000777900000)
  to   space 10752K, 0% used [0x0000000777900000,0x0000000777900000,0x0000000778380000)
 ParOldGen       total 204800K, used 73445K [0x00000006c2600000, 0x00000006cee00000, 0x000000076b780000)
  object space 204800K, 35% used [0x00000006c2600000,0x00000006c6db9480,0x00000006cee00000)
 Metaspace       used 56781K, capacity 57889K, committed 58112K, reserved 1099776K
  class space    used 7101K, capacity 7392K, committed 7424K, reserved 1048576K
}

